
Processing ReadFiles_Run2012D.C+...
Info in <TUnixSystem::ACLiC>: creating shared library /pool/lsf/chiyi/358128442/./ReadFiles_Run2012D_C.so
130124 08:11:56 001 Xrd: GoToAnotherServer: Going to: lxfsrf51c01.cern.ch:1095
130124 08:11:56 001 Xrd: GoToAnotherServer: Going to: lxfsre03a06.cern.ch:1095
130124 08:11:56 001 Xrd: GoToAnotherServer: Going to: lxfsrd53a08.cern.ch:1095
130124 08:11:56 001 Xrd: GoToAnotherServer: Going to: lxfsre03a06.cern.ch:1095
130124 08:11:56 001 Xrd: GoToAnotherServer: Going to: lxfssl4202.cern.ch:1095
130124 08:11:56 001 Xrd: GoToAnotherServer: Going to: lxfsre05a04.cern.ch:1095
130124 08:11:56 001 Xrd: GoToAnotherServer: Going to: lxfsra18a07.cern.ch:1095
130124 08:11:57 001 Xrd: GoToAnotherServer: Going to: lxfsrd51a08.cern.ch:1095
130124 08:11:57 001 Xrd: GoToAnotherServer: Going to: lxfsre05a03.cern.ch:1095
130124 08:11:57 001 Xrd: GoToAnotherServer: Going to: lxfsre05a07.cern.ch:1095
130124 08:11:57 001 Xrd: GoToAnotherServer: Going to: lxfsre05a05.cern.ch:1095
130124 08:11:57 001 Xrd: GoToAnotherServer: Going to: lxfsre07a05.cern.ch:1095
130124 08:11:58 001 Xrd: GoToAnotherServer: Going to: lxfsre09a08.cern.ch:1095
130124 08:11:58 001 Xrd: GoToAnotherServer: Going to: lxfsre05a04.cern.ch:1095
130124 08:11:58 001 Xrd: GoToAnotherServer: Going to: lxfsre09a06.cern.ch:1095
130124 08:11:58 001 Xrd: GoToAnotherServer: Going to: lxfsre05a05.cern.ch:1095
130124 08:11:58 001 Xrd: GoToAnotherServer: Going to: lxfsre07a04.cern.ch:1095
130124 08:11:58 001 Xrd: GoToAnotherServer: Going to: lxfsre05a05.cern.ch:1095
130124 08:11:58 001 Xrd: GoToAnotherServer: Going to: lxfsre07a05.cern.ch:1095
130124 08:11:58 001 Xrd: GoToAnotherServer: Going to: lxfssl4307.cern.ch:1095
130124 08:11:58 001 Xrd: GoToAnotherServer: Going to: lxfsrk54c02.cern.ch:1095
130124 08:11:58 001 Xrd: GoToAnotherServer: Going to: lxfsre05a07.cern.ch:1095
130124 08:11:58 001 Xrd: GoToAnotherServer: Going to: lxfsrc64a03.cern.ch:1095
130124 08:11:59 001 Xrd: GoToAnotherServer: Going to: lxfsra18a03.cern.ch:1095
130124 08:11:59 001 Xrd: GoToAnotherServer: Going to: lxfsre05a07.cern.ch:1095
130124 08:11:59 001 Xrd: GoToAnotherServer: Going to: lxfsre05a04.cern.ch:1095
130124 08:11:59 001 Xrd: GoToAnotherServer: Going to: lxfsrg21a08.cern.ch:1095
130124 08:11:59 001 Xrd: GoToAnotherServer: Going to: lxfsre05a02.cern.ch:1095
130124 08:11:59 001 Xrd: GoToAnotherServer: Going to: lxfsre09a07.cern.ch:1095
130124 08:11:59 001 Xrd: GoToAnotherServer: Going to: lxfsre05a07.cern.ch:1095
130124 08:11:59 001 Xrd: GoToAnotherServer: Going to: lxfsre05a04.cern.ch:1095
130124 08:11:59 001 Xrd: GoToAnotherServer: Going to: lxfsre05a04.cern.ch:1095
130124 08:12:00 001 Xrd: GoToAnotherServer: Going to: lxfsra28a04.cern.ch:1095
130124 08:12:00 001 Xrd: GoToAnotherServer: Going to: lxfsrg17a06.cern.ch:1095
130124 08:12:00 001 Xrd: GoToAnotherServer: Going to: lxfsrk61a07.cern.ch:1095
130124 08:12:00 001 Xrd: GoToAnotherServer: Going to: lxfsre09a07.cern.ch:1095
130124 08:12:00 001 Xrd: GoToAnotherServer: Going to: lxfsre05a04.cern.ch:1095
130124 08:12:00 001 Xrd: GoToAnotherServer: Going to: lxfsra18a03.cern.ch:1095
130124 08:12:00 001 Xrd: GoToAnotherServer: Going to: lxfsre05a04.cern.ch:1095
130124 08:12:00 001 Xrd: GoToAnotherServer: Going to: lxfsre07a02.cern.ch:1095
130124 08:12:00 001 Xrd: GoToAnotherServer: Going to: lxfsrc66a01.cern.ch:1095
130124 08:12:00 001 Xrd: GoToAnotherServer: Going to: lxfsre11a01.cern.ch:1095
130124 08:12:00 001 Xrd: GoToAnotherServer: Going to: lxfssl4205.cern.ch:1095
130124 08:12:00 001 Xrd: GoToAnotherServer: Going to: lxfsre09a08.cern.ch:1095
130124 08:12:00 001 Xrd: GoToAnotherServer: Going to: lxfsrg29a08.cern.ch:1095
130124 08:12:00 001 Xrd: GoToAnotherServer: Going to: lxfsra08a02.cern.ch:1095
130124 08:12:00 001 Xrd: GoToAnotherServer: Going to: lxfsre07a03.cern.ch:1095
130124 08:12:00 001 Xrd: GoToAnotherServer: Going to: lxfsra14a01.cern.ch:1095
130124 08:12:00 001 Xrd: GoToAnotherServer: Going to: lxfsre05a04.cern.ch:1095
130124 08:12:00 001 Xrd: GoToAnotherServer: Going to: lxfsre05a03.cern.ch:1095
130124 08:12:00 001 Xrd: GoToAnotherServer: Going to: lxfsrd51a08.cern.ch:1095
130124 08:12:01 001 Xrd: GoToAnotherServer: Going to: lxfsra06a03.cern.ch:1095
130124 08:12:01 001 Xrd: GoToAnotherServer: Going to: lxfssl4204.cern.ch:1095
130124 08:12:01 001 Xrd: GoToAnotherServer: Going to: lxfsre05a05.cern.ch:1095
130124 08:12:01 001 Xrd: GoToAnotherServer: Going to: lxfsre07a03.cern.ch:1095
130124 08:12:01 001 Xrd: GoToAnotherServer: Going to: lxfsrf41c03.cern.ch:1095
130124 08:12:01 001 Xrd: GoToAnotherServer: Going to: lxfsre05a05.cern.ch:1095
130124 08:12:01 001 Xrd: GoToAnotherServer: Going to: lxfsre05a07.cern.ch:1095
130124 08:12:02 001 Xrd: GoToAnotherServer: Going to: lxfsre05a02.cern.ch:1095
130124 08:12:02 001 Xrd: GoToAnotherServer: Going to: lxfsre05a04.cern.ch:1095
130124 08:12:02 001 Xrd: GoToAnotherServer: Going to: lxfsrc66a02.cern.ch:1095
130124 08:12:02 001 Xrd: GoToAnotherServer: Going to: lxfsre05a05.cern.ch:1095
130124 08:12:02 001 Xrd: GoToAnotherServer: Going to: lxfsre05a05.cern.ch:1095
130124 08:12:02 001 Xrd: GoToAnotherServer: Going to: lxfsre05a07.cern.ch:1095
130124 08:12:02 001 Xrd: GoToAnotherServer: Going to: lxfsre03a05.cern.ch:1095
130124 08:12:02 001 Xrd: GoToAnotherServer: Going to: lxfsrg17a05.cern.ch:1095
130124 08:12:02 001 Xrd: GoToAnotherServer: Going to: lxfsrc66a04.cern.ch:1095
130124 08:12:02 001 Xrd: GoToAnotherServer: Going to: lxfsre15a09.cern.ch:1095
130124 08:12:02 001 Xrd: GoToAnotherServer: Going to: lxfsrc64a04.cern.ch:1095
130124 08:12:03 001 Xrd: GoToAnotherServer: Going to: lxfsre07a06.cern.ch:1095
130124 08:12:03 001 Xrd: GoToAnotherServer: Going to: lxfsrk45a06.cern.ch:1095
130124 08:12:03 001 Xrd: GoToAnotherServer: Going to: lxfsre05a05.cern.ch:1095
130124 08:12:03 001 Xrd: GoToAnotherServer: Going to: lxfsrc64a03.cern.ch:1095
130124 08:12:03 001 Xrd: GoToAnotherServer: Going to: lxfsre13a05.cern.ch:1095
130124 08:12:03 001 Xrd: GoToAnotherServer: Going to: lxfsrk63a07.cern.ch:1095
130124 08:12:03 001 Xrd: GoToAnotherServer: Going to: lxfsre05a05.cern.ch:1095
130124 08:12:03 001 Xrd: GoToAnotherServer: Going to: lxfsre05a07.cern.ch:1095
130124 08:12:03 001 Xrd: GoToAnotherServer: Going to: lxfsre05a01.cern.ch:1095
130124 08:12:03 001 Xrd: GoToAnotherServer: Going to: lxfsrg25a06.cern.ch:1095
130124 08:12:03 001 Xrd: GoToAnotherServer: Going to: lxfsre05a03.cern.ch:1095
