Sender: LSF System <lsfadmin@lxbst2802>
Subject: Job 357682803: </afs/cern.ch/user/c/chiyi/scratch0/ESAlignment/CMSSW_5_3_6/src/AlignmentTool/ESAlignTool/runVal/Jobs_fromRefit/./run_iter1_p1.sh> in cluster batch Done

Job </afs/cern.ch/user/c/chiyi/scratch0/ESAlignment/CMSSW_5_3_6/src/AlignmentTool/ESAlignTool/runVal/Jobs_fromRefit/./run_iter1_p1.sh> was submitted from host <lxplus307> by user <chiyi> in cluster <batch>.
Job was executed on host(s) <lxbst2802>, in queue <cmscaf1nh>, as user <chiyi> in cluster <batch>.
</afs/cern.ch/user/c/chiyi> was used as the home directory.
</afs/cern.ch/user/c/chiyi/scratch0/ESAlignment/CMSSW_5_3_6/src/AlignmentTool/ESAlignTool/runVal/Jobs_fromRefit> was used as the working directory.
Started at Wed Jan 23 07:24:40 2013
Results reported at Wed Jan 23 07:28:00 2013

Your job looked like:

------------------------------------------------------------
# LSBATCH: User input
/afs/cern.ch/user/c/chiyi/scratch0/ESAlignment/CMSSW_5_3_6/src/AlignmentTool/ESAlignTool/runVal/Jobs_fromRefit/./run_iter1_p1.sh
------------------------------------------------------------

Successfully completed.

Resource usage summary:

    CPU time   :    147.90 sec.
    Max Memory :       633 MB
    Max Swap   :       937 MB

    Max Processes  :         6
    Max Threads    :        10

The output (if any) follows:

@(#)CERN job starter $Date: 2010/06/23 14:22:16 $
Working directory is </pool/lsf/chiyi/357682803> on <lxbst2802.cern.ch>

/pool/lsf/chiyi/357682803
p1
Wed Jan 23 07:27:57 CET 2013
rm: cannot remove `/afs/cern.ch/user/c/chiyi/scratch0/ESAlignment/CMSSW_5_3_6/src/AlignmentTool/ESAlignTool/runVal/Jobs_fromRefit/run_iter1_p1.log': No such file or directory

Job finished at Wed Jan 23 07:27:57 CET 2013 on node 
 under linux version Scientific Linux CERN SLC release 5.8 (Boron)


CERN statistics: This job used 0:04:27 NCU hours (267 NCU seconds)

CERN statistics: This job used 0:04:27 KSI2K hours (267 KSI2K seconds)

KSI2K = kilo-SpecInt2000 benchmark units = 1.00 NCU
