Sender: LSF System <lsfadmin@lxbst2802>
Subject: Job 357817703: </afs/cern.ch/user/c/chiyi/scratch0/ESAlignment/CMSSW_5_3_6/src/AlignmentTool/ESAlignTool/runVal/mergePlots/runReadFile_Run2012D.sh> in cluster batch Done

Job </afs/cern.ch/user/c/chiyi/scratch0/ESAlignment/CMSSW_5_3_6/src/AlignmentTool/ESAlignTool/runVal/mergePlots/runReadFile_Run2012D.sh> was submitted from host <lxplus307> by user <chiyi> in cluster <batch>.
Job was executed on host(s) <lxbst2802>, in queue <cmscaf1nh>, as user <chiyi> in cluster <batch>.
</afs/cern.ch/user/c/chiyi> was used as the home directory.
</afs/cern.ch/user/c/chiyi/scratch0/ESAlignment/CMSSW_5_3_6/src/AlignmentTool/ESAlignTool/runVal/mergePlots> was used as the working directory.
Started at Wed Jan 23 14:03:55 2013
Results reported at Wed Jan 23 14:04:30 2013

Your job looked like:

------------------------------------------------------------
# LSBATCH: User input
/afs/cern.ch/user/c/chiyi/scratch0/ESAlignment/CMSSW_5_3_6/src/AlignmentTool/ESAlignTool/runVal/mergePlots/runReadFile_Run2012D.sh
------------------------------------------------------------

Successfully completed.

Resource usage summary:

    CPU time   :      6.72 sec.
    Max Memory :        20 MB
    Max Swap   :       128 MB

    Max Processes  :         6
    Max Threads    :         7

The output (if any) follows:


Job finished at Wed Jan 23 14:04:28 CET 2013 on node 
 under linux version Scientific Linux CERN SLC release 5.8 (Boron)


CERN statistics: This job used 0:00:09 NCU hours (9 NCU seconds)

CERN statistics: This job used 0:00:09 KSI2K hours (9 KSI2K seconds)

KSI2K = kilo-SpecInt2000 benchmark units = 1.00 NCU
