Sender: LSF System <lsfadmin@lxbsq1531>
Subject: Job 357217053: </afs/cern.ch/user/c/chiyi/scratch0/ESAlignment/CMSSW_5_3_6/src/SkimTool/ESHitSkimLoose/runSkim/Jobs_2012D_SaveAlCa/./runSkim_p1.sh> in cluster batch Done

Job </afs/cern.ch/user/c/chiyi/scratch0/ESAlignment/CMSSW_5_3_6/src/SkimTool/ESHitSkimLoose/runSkim/Jobs_2012D_SaveAlCa/./runSkim_p1.sh> was submitted from host <lxbst2704> by user <chiyi> in cluster <batch>.
Job was executed on host(s) <lxbsq1531>, in queue <1nd>, as user <chiyi> in cluster <batch>.
</afs/cern.ch/user/c/chiyi> was used as the home directory.
</afs/cern.ch/user/c/chiyi/scratch0/ESAlignment/CMSSW_5_3_6/src/SkimTool/ESHitSkimLoose/runSkim/Jobs_2012D_SaveAlCa> was used as the working directory.
Started at Tue Jan 22 09:28:31 2013
Results reported at Tue Jan 22 10:11:17 2013

Your job looked like:

------------------------------------------------------------
# LSBATCH: User input
/afs/cern.ch/user/c/chiyi/scratch0/ESAlignment/CMSSW_5_3_6/src/SkimTool/ESHitSkimLoose/runSkim/Jobs_2012D_SaveAlCa/./runSkim_p1.sh
------------------------------------------------------------

Successfully completed.

Resource usage summary:

    CPU time   :   2323.96 sec.
    Max Memory :       818 MB
    Max Swap   :      1138 MB

    Max Processes  :         7
    Max Threads    :        12

The output (if any) follows:

@(#)CERN job starter $Date: 2010/06/23 14:22:16 $
Working directory is </pool/lsf/chiyi/357217053> on <lxbsq1531.cern.ch>

/pool/lsf/chiyi/357217053

Job finished at Tue Jan 22 10:11:15 CET 2013 on node 
 under linux version Scientific Linux CERN SLC release 5.8 (Boron)


CERN statistics: This job used 1:58:01 NCU hours (7081 NCU seconds)

CERN statistics: This job used 1:58:01 KSI2K hours (7081 KSI2K seconds)

KSI2K = kilo-SpecInt2000 benchmark units = 1.00 NCU
